============================= test session starts ==============================
platform linux -- Python 3.11.6, pytest-8.4.2, pluggy-1.6.0 -- /global/scratch/fsa/fc_jevons/ligon/mirrors/LSMS_Library/.venv/bin/python
cachedir: .pytest_cache
rootdir: /global/scratch/fsa/fc_jevons/ligon/mirrors/LSMS_Library
configfile: pyproject.toml
plugins: xdist-3.8.0, timeout-2.4.0, anyio-4.13.0, instafail-0.5.0, hydra-core-1.3.2
collecting ... collected 195 items

tests/test_schema_consistency.py::TestRequiredColumns::test_required_columns_present[Albania:household_roster] PASSED [  0%]
tests/test_schema_consistency.py::TestRequiredColumns::test_required_columns_present[Armenia:household_roster] PASSED [  1%]
tests/test_schema_consistency.py::TestRequiredColumns::test_required_columns_present[Azerbaijan:household_roster] PASSED [  1%]
tests/test_schema_consistency.py::TestRequiredColumns::test_required_columns_present[Benin:household_roster] PASSED [  2%]
tests/test_schema_consistency.py::TestRequiredColumns::test_required_columns_present[Burkina_Faso:household_roster] PASSED [  2%]
tests/test_schema_consistency.py::TestRequiredColumns::test_required_columns_present[Cambodia:household_roster] PASSED [  3%]
tests/test_schema_consistency.py::TestRequiredColumns::test_required_columns_present[China:household_roster] PASSED [  3%]
tests/test_schema_consistency.py::TestRequiredColumns::test_required_columns_present[CotedIvoire:household_roster] PASSED [  4%]
tests/test_schema_consistency.py::TestRequiredColumns::test_required_columns_present[Ethiopia:household_roster] PASSED [  4%]
tests/test_schema_consistency.py::TestRequiredColumns::test_required_columns_present[GhanaLSS:household_roster] PASSED [  5%]
tests/test_schema_consistency.py::TestRequiredColumns::test_required_columns_present[Guatemala:household_roster] PASSED [  5%]
tests/test_schema_consistency.py::TestRequiredColumns::test_required_columns_present[Guinea-Bissau:household_roster] PASSED [  6%]
tests/test_schema_consistency.py::TestRequiredColumns::test_required_columns_present[Guyana:household_roster] PASSED [  6%]
tests/test_schema_consistency.py::TestRequiredColumns::test_required_columns_present[India:household_roster] PASSED [  7%]
tests/test_schema_consistency.py::TestRequiredColumns::test_required_columns_present[Iraq:household_roster] PASSED [  7%]
tests/test_schema_consistency.py::TestRequiredColumns::test_required_columns_present[Kazakhstan:household_roster] PASSED [  8%]
tests/test_schema_consistency.py::TestRequiredColumns::test_required_columns_present[Kosovo:household_roster] PASSED [  8%]
tests/test_schema_consistency.py::TestRequiredColumns::test_required_columns_present[Liberia:household_roster] PASSED [  9%]
tests/test_schema_consistency.py::TestRequiredColumns::test_required_columns_present[Malawi:household_roster] PASSED [  9%]
tests/test_schema_consistency.py::TestRequiredColumns::test_required_columns_present[Mali:household_roster] PASSED [ 10%]
tests/test_schema_consistency.py::TestRequiredColumns::test_required_columns_present[Nepal:household_roster] PASSED [ 10%]
tests/test_schema_consistency.py::TestRequiredColumns::test_required_columns_present[Niger:household_roster] PASSED [ 11%]
tests/test_schema_consistency.py::TestRequiredColumns::test_required_columns_present[Nigeria:household_roster] PASSED [ 11%]
tests/test_schema_consistency.py::TestRequiredColumns::test_required_columns_present[Pakistan:household_roster] PASSED [ 12%]
tests/test_schema_consistency.py::TestRequiredColumns::test_required_columns_present[Senegal:household_roster] PASSED [ 12%]
tests/test_schema_consistency.py::TestRequiredColumns::test_required_columns_present[Serbia:household_roster] PASSED [ 13%]
tests/test_schema_consistency.py::TestRequiredColumns::test_required_columns_present[Serbia and Montenegro:household_roster] PASSED [ 13%]
tests/test_schema_consistency.py::TestRequiredColumns::test_required_columns_present[South Africa:household_roster] PASSED [ 14%]
tests/test_schema_consistency.py::TestRequiredColumns::test_required_columns_present[Tajikistan:household_roster] PASSED [ 14%]
tests/test_schema_consistency.py::TestRequiredColumns::test_required_columns_present[Tanzania:household_roster] PASSED [ 15%]
tests/test_schema_consistency.py::TestRequiredColumns::test_required_columns_present[Timor-Leste:household_roster] PASSED [ 15%]
tests/test_schema_consistency.py::TestRequiredColumns::test_required_columns_present[Togo:household_roster] PASSED [ 16%]
tests/test_schema_consistency.py::TestRequiredColumns::test_required_columns_present[Uganda:household_roster] PASSED [ 16%]
tests/test_schema_consistency.py::TestRequiredColumns::test_required_columns_present[Albania:cluster_features] PASSED [ 17%]
tests/test_schema_consistency.py::TestRequiredColumns::test_required_columns_present[Azerbaijan:cluster_features] PASSED [ 17%]
tests/test_schema_consistency.py::TestRequiredColumns::test_required_columns_present[Benin:cluster_features] PASSED [ 18%]
tests/test_schema_consistency.py::TestRequiredColumns::test_required_columns_present[Burkina_Faso:cluster_features] PASSED [ 18%]
tests/test_schema_consistency.py::TestRequiredColumns::test_required_columns_present[Cambodia:cluster_features] PASSED [ 19%]
tests/test_schema_consistency.py::TestRequiredColumns::test_required_columns_present[China:cluster_features] PASSED [ 20%]
tests/test_schema_consistency.py::TestRequiredColumns::test_required_columns_present[CotedIvoire:cluster_features] PASSED [ 20%]
tests/test_schema_consistency.py::TestRequiredColumns::test_required_columns_present[Ethiopia:cluster_features] PASSED [ 21%]
tests/test_schema_consistency.py::TestRequiredColumns::test_required_columns_present[GhanaLSS:cluster_features] PASSED [ 21%]
tests/test_schema_consistency.py::TestRequiredColumns::test_required_columns_present[Guatemala:cluster_features] PASSED [ 22%]
tests/test_schema_consistency.py::TestRequiredColumns::test_required_columns_present[Guinea-Bissau:cluster_features] PASSED [ 22%]
tests/test_schema_consistency.py::TestRequiredColumns::test_required_columns_present[Guyana:cluster_features] PASSED [ 23%]
tests/test_schema_consistency.py::TestRequiredColumns::test_required_columns_present[India:cluster_features] PASSED [ 23%]
tests/test_schema_consistency.py::TestRequiredColumns::test_required_columns_present[Kazakhstan:cluster_features] PASSED [ 24%]
tests/test_schema_consistency.py::TestRequiredColumns::test_required_columns_present[Kosovo:cluster_features] PASSED [ 24%]
tests/test_schema_consistency.py::TestRequiredColumns::test_required_columns_present[Liberia:cluster_features] PASSED [ 25%]
tests/test_schema_consistency.py::TestRequiredColumns::test_required_columns_present[Malawi:cluster_features] PASSED [ 25%]
tests/test_schema_consistency.py::TestRequiredColumns::test_required_columns_present[Mali:cluster_features] PASSED [ 26%]
tests/test_schema_consistency.py::TestRequiredColumns::test_required_columns_present[Nepal:cluster_features] PASSED [ 26%]
tests/test_schema_consistency.py::TestRequiredColumns::test_required_columns_present[Niger:cluster_features] PASSED [ 27%]
tests/test_schema_consistency.py::TestRequiredColumns::test_required_columns_present[Nigeria:cluster_features] PASSED [ 27%]
tests/test_schema_consistency.py::TestRequiredColumns::test_required_columns_present[Pakistan:cluster_features] PASSED [ 28%]
tests/test_schema_consistency.py::TestRequiredColumns::test_required_columns_present[Senegal:cluster_features] PASSED [ 28%]
tests/test_schema_consistency.py::TestRequiredColumns::test_required_columns_present[Serbia:cluster_features] PASSED [ 29%]
tests/test_schema_consistency.py::TestRequiredColumns::test_required_columns_present[Serbia and Montenegro:cluster_features] PASSED [ 29%]
tests/test_schema_consistency.py::TestRequiredColumns::test_required_columns_present[South Africa:cluster_features] PASSED [ 30%]
tests/test_schema_consistency.py::TestRequiredColumns::test_required_columns_present[Tajikistan:cluster_features] PASSED [ 30%]
tests/test_schema_consistency.py::TestRequiredColumns::test_required_columns_present[Tanzania:cluster_features] PASSED [ 31%]
tests/test_schema_consistency.py::TestRequiredColumns::test_required_columns_present[Togo:cluster_features] PASSED [ 31%]
tests/test_schema_consistency.py::TestRequiredColumns::test_required_columns_present[Uganda:cluster_features] PASSED [ 32%]
tests/test_schema_consistency.py::TestRequiredColumns::test_required_columns_present[Benin:food_acquired] PASSED [ 32%]
tests/test_schema_consistency.py::TestRequiredColumns::test_required_columns_present[Burkina_Faso:food_acquired] PASSED [ 33%]
tests/test_schema_consistency.py::TestRequiredColumns::test_required_columns_present[CotedIvoire:food_acquired] PASSED [ 33%]
tests/test_schema_consistency.py::TestRequiredColumns::test_required_columns_present[Ethiopia:food_acquired] XPASS [ 34%]
tests/test_schema_consistency.py::TestRequiredColumns::test_required_columns_present[GhanaLSS:food_acquired] PASSED [ 34%]
tests/test_schema_consistency.py::TestRequiredColumns::test_required_columns_present[Guinea-Bissau:food_acquired] PASSED [ 35%]
tests/test_schema_consistency.py::TestRequiredColumns::test_required_columns_present[Malawi:food_acquired] XPASS [ 35%]
tests/test_schema_consistency.py::TestRequiredColumns::test_required_columns_present[Mali:food_acquired] PASSED [ 36%]
tests/test_schema_consistency.py::TestRequiredColumns::test_required_columns_present[Nepal:food_acquired] PASSED [ 36%]
tests/test_schema_consistency.py::TestRequiredColumns::test_required_columns_present[Niger:food_acquired] PASSED [ 37%]
tests/test_schema_consistency.py::TestRequiredColumns::test_required_columns_present[Nigeria:food_acquired] PASSED [ 37%]
tests/test_schema_consistency.py::TestRequiredColumns::test_required_columns_present[Senegal:food_acquired] PASSED [ 38%]
tests/test_schema_consistency.py::TestRequiredColumns::test_required_columns_present[Tanzania:food_acquired] XPASS [ 38%]
tests/test_schema_consistency.py::TestRequiredColumns::test_required_columns_present[Togo:food_acquired] PASSED [ 39%]
tests/test_schema_consistency.py::TestRequiredColumns::test_required_columns_present[Uganda:food_acquired] XPASS [ 40%]
tests/test_schema_consistency.py::TestRejectedSpellings::test_no_rejected_column_spellings[Albania] PASSED [ 40%]
tests/test_schema_consistency.py::TestRejectedSpellings::test_no_rejected_column_spellings[Armenia] PASSED [ 41%]
tests/test_schema_consistency.py::TestRejectedSpellings::test_no_rejected_column_spellings[Azerbaijan] PASSED [ 41%]
tests/test_schema_consistency.py::TestRejectedSpellings::test_no_rejected_column_spellings[Benin] PASSED [ 42%]
tests/test_schema_consistency.py::TestRejectedSpellings::test_no_rejected_column_spellings[Burkina_Faso] PASSED [ 42%]
tests/test_schema_consistency.py::TestRejectedSpellings::test_no_rejected_column_spellings[Cambodia] PASSED [ 43%]
tests/test_schema_consistency.py::TestRejectedSpellings::test_no_rejected_column_spellings[China] PASSED [ 43%]
tests/test_schema_consistency.py::TestRejectedSpellings::test_no_rejected_column_spellings[CotedIvoire] PASSED [ 44%]
tests/test_schema_consistency.py::TestRejectedSpellings::test_no_rejected_column_spellings[Ethiopia] PASSED [ 44%]
tests/test_schema_consistency.py::TestRejectedSpellings::test_no_rejected_column_spellings[GhanaLSS] PASSED [ 45%]
tests/test_schema_consistency.py::TestRejectedSpellings::test_no_rejected_column_spellings[Guatemala] PASSED [ 45%]
tests/test_schema_consistency.py::TestRejectedSpellings::test_no_rejected_column_spellings[Guinea-Bissau] PASSED [ 46%]
tests/test_schema_consistency.py::TestRejectedSpellings::test_no_rejected_column_spellings[Guyana] PASSED [ 46%]
tests/test_schema_consistency.py::TestRejectedSpellings::test_no_rejected_column_spellings[India] PASSED [ 47%]
tests/test_schema_consistency.py::TestRejectedSpellings::test_no_rejected_column_spellings[Iraq] PASSED [ 47%]
tests/test_schema_consistency.py::TestRejectedSpellings::test_no_rejected_column_spellings[Kazakhstan] PASSED [ 48%]
tests/test_schema_consistency.py::TestRejectedSpellings::test_no_rejected_column_spellings[Kosovo] PASSED [ 48%]
tests/test_schema_consistency.py::TestRejectedSpellings::test_no_rejected_column_spellings[Liberia] PASSED [ 49%]
tests/test_schema_consistency.py::TestRejectedSpellings::test_no_rejected_column_spellings[Malawi] PASSED [ 49%]
tests/test_schema_consistency.py::TestRejectedSpellings::test_no_rejected_column_spellings[Mali] PASSED [ 50%]
tests/test_schema_consistency.py::TestRejectedSpellings::test_no_rejected_column_spellings[Nepal] PASSED [ 50%]
tests/test_schema_consistency.py::TestRejectedSpellings::test_no_rejected_column_spellings[Niger] PASSED [ 51%]
tests/test_schema_consistency.py::TestRejectedSpellings::test_no_rejected_column_spellings[Nigeria] PASSED [ 51%]
tests/test_schema_consistency.py::TestRejectedSpellings::test_no_rejected_column_spellings[Pakistan] PASSED [ 52%]
tests/test_schema_consistency.py::TestRejectedSpellings::test_no_rejected_column_spellings[Senegal] PASSED [ 52%]
tests/test_schema_consistency.py::TestRejectedSpellings::test_no_rejected_column_spellings[Serbia] PASSED [ 53%]
tests/test_schema_consistency.py::TestRejectedSpellings::test_no_rejected_column_spellings[Serbia and Montenegro] PASSED [ 53%]
tests/test_schema_consistency.py::TestRejectedSpellings::test_no_rejected_column_spellings[South Africa] PASSED [ 54%]
tests/test_schema_consistency.py::TestRejectedSpellings::test_no_rejected_column_spellings[Tajikistan] PASSED [ 54%]
tests/test_schema_consistency.py::TestRejectedSpellings::test_no_rejected_column_spellings[Tanzania] PASSED [ 55%]
tests/test_schema_consistency.py::TestRejectedSpellings::test_no_rejected_column_spellings[Timor-Leste] PASSED [ 55%]
tests/test_schema_consistency.py::TestRejectedSpellings::test_no_rejected_column_spellings[Togo] PASSED [ 56%]
tests/test_schema_consistency.py::TestRejectedSpellings::test_no_rejected_column_spellings[Uganda] PASSED [ 56%]
tests/test_schema_consistency.py::TestDataSchemeParsing::test_all_data_scheme_files_parse[Albania] PASSED [ 57%]
tests/test_schema_consistency.py::TestDataSchemeParsing::test_all_data_scheme_files_parse[Armenia] PASSED [ 57%]
tests/test_schema_consistency.py::TestDataSchemeParsing::test_all_data_scheme_files_parse[Azerbaijan] PASSED [ 58%]
tests/test_schema_consistency.py::TestDataSchemeParsing::test_all_data_scheme_files_parse[Benin] PASSED [ 58%]
tests/test_schema_consistency.py::TestDataSchemeParsing::test_all_data_scheme_files_parse[Burkina_Faso] PASSED [ 59%]
tests/test_schema_consistency.py::TestDataSchemeParsing::test_all_data_scheme_files_parse[Cambodia] PASSED [ 60%]
tests/test_schema_consistency.py::TestDataSchemeParsing::test_all_data_scheme_files_parse[China] PASSED [ 60%]
tests/test_schema_consistency.py::TestDataSchemeParsing::test_all_data_scheme_files_parse[CotedIvoire] PASSED [ 61%]
tests/test_schema_consistency.py::TestDataSchemeParsing::test_all_data_scheme_files_parse[Ethiopia] PASSED [ 61%]
tests/test_schema_consistency.py::TestDataSchemeParsing::test_all_data_scheme_files_parse[GhanaLSS] PASSED [ 62%]
tests/test_schema_consistency.py::TestDataSchemeParsing::test_all_data_scheme_files_parse[Guatemala] PASSED [ 62%]
tests/test_schema_consistency.py::TestDataSchemeParsing::test_all_data_scheme_files_parse[Guinea-Bissau] PASSED [ 63%]
tests/test_schema_consistency.py::TestDataSchemeParsing::test_all_data_scheme_files_parse[Guyana] PASSED [ 63%]
tests/test_schema_consistency.py::TestDataSchemeParsing::test_all_data_scheme_files_parse[India] PASSED [ 64%]
tests/test_schema_consistency.py::TestDataSchemeParsing::test_all_data_scheme_files_parse[Iraq] PASSED [ 64%]
tests/test_schema_consistency.py::TestDataSchemeParsing::test_all_data_scheme_files_parse[Kazakhstan] PASSED [ 65%]
tests/test_schema_consistency.py::TestDataSchemeParsing::test_all_data_scheme_files_parse[Kosovo] PASSED [ 65%]
tests/test_schema_consistency.py::TestDataSchemeParsing::test_all_data_scheme_files_parse[Liberia] PASSED [ 66%]
tests/test_schema_consistency.py::TestDataSchemeParsing::test_all_data_scheme_files_parse[Malawi] PASSED [ 66%]
tests/test_schema_consistency.py::TestDataSchemeParsing::test_all_data_scheme_files_parse[Mali] PASSED [ 67%]
tests/test_schema_consistency.py::TestDataSchemeParsing::test_all_data_scheme_files_parse[Nepal] PASSED [ 67%]
tests/test_schema_consistency.py::TestDataSchemeParsing::test_all_data_scheme_files_parse[Niger] PASSED [ 68%]
tests/test_schema_consistency.py::TestDataSchemeParsing::test_all_data_scheme_files_parse[Nigeria] PASSED [ 68%]
tests/test_schema_consistency.py::TestDataSchemeParsing::test_all_data_scheme_files_parse[Pakistan] PASSED [ 69%]
tests/test_schema_consistency.py::TestDataSchemeParsing::test_all_data_scheme_files_parse[Senegal] PASSED [ 69%]
tests/test_schema_consistency.py::TestDataSchemeParsing::test_all_data_scheme_files_parse[Serbia] PASSED [ 70%]
tests/test_schema_consistency.py::TestDataSchemeParsing::test_all_data_scheme_files_parse[Serbia and Montenegro] PASSED [ 70%]
tests/test_schema_consistency.py::TestDataSchemeParsing::test_all_data_scheme_files_parse[South Africa] PASSED [ 71%]
tests/test_schema_consistency.py::TestDataSchemeParsing::test_all_data_scheme_files_parse[Tajikistan] PASSED [ 71%]
tests/test_schema_consistency.py::TestDataSchemeParsing::test_all_data_scheme_files_parse[Tanzania] PASSED [ 72%]
tests/test_schema_consistency.py::TestDataSchemeParsing::test_all_data_scheme_files_parse[Timor-Leste] PASSED [ 72%]
tests/test_schema_consistency.py::TestDataSchemeParsing::test_all_data_scheme_files_parse[Togo] PASSED [ 73%]
tests/test_schema_consistency.py::TestDataSchemeParsing::test_all_data_scheme_files_parse[Uganda] PASSED [ 73%]
tests/test_schema_consistency.py::TestNoDuplicateYamlKeys::test_no_duplicate_yaml_keys[Albania] PASSED [ 74%]
tests/test_schema_consistency.py::TestNoDuplicateYamlKeys::test_no_duplicate_yaml_keys[Armenia] PASSED [ 74%]
tests/test_schema_consistency.py::TestNoDuplicateYamlKeys::test_no_duplicate_yaml_keys[Azerbaijan] PASSED [ 75%]
tests/test_schema_consistency.py::TestNoDuplicateYamlKeys::test_no_duplicate_yaml_keys[Benin] PASSED [ 75%]
tests/test_schema_consistency.py::TestNoDuplicateYamlKeys::test_no_duplicate_yaml_keys[Burkina_Faso] PASSED [ 76%]
tests/test_schema_consistency.py::TestNoDuplicateYamlKeys::test_no_duplicate_yaml_keys[Cambodia] PASSED [ 76%]
tests/test_schema_consistency.py::TestNoDuplicateYamlKeys::test_no_duplicate_yaml_keys[China] PASSED [ 77%]
tests/test_schema_consistency.py::TestNoDuplicateYamlKeys::test_no_duplicate_yaml_keys[CotedIvoire] PASSED [ 77%]
tests/test_schema_consistency.py::TestNoDuplicateYamlKeys::test_no_duplicate_yaml_keys[Ethiopia] PASSED [ 78%]
tests/test_schema_consistency.py::TestNoDuplicateYamlKeys::test_no_duplicate_yaml_keys[GhanaLSS] PASSED [ 78%]
tests/test_schema_consistency.py::TestNoDuplicateYamlKeys::test_no_duplicate_yaml_keys[Guatemala] PASSED [ 79%]
tests/test_schema_consistency.py::TestNoDuplicateYamlKeys::test_no_duplicate_yaml_keys[Guinea-Bissau] PASSED [ 80%]
tests/test_schema_consistency.py::TestNoDuplicateYamlKeys::test_no_duplicate_yaml_keys[Guyana] PASSED [ 80%]
tests/test_schema_consistency.py::TestNoDuplicateYamlKeys::test_no_duplicate_yaml_keys[India] PASSED [ 81%]
tests/test_schema_consistency.py::TestNoDuplicateYamlKeys::test_no_duplicate_yaml_keys[Iraq] PASSED [ 81%]
tests/test_schema_consistency.py::TestNoDuplicateYamlKeys::test_no_duplicate_yaml_keys[Kazakhstan] PASSED [ 82%]
tests/test_schema_consistency.py::TestNoDuplicateYamlKeys::test_no_duplicate_yaml_keys[Kosovo] PASSED [ 82%]
tests/test_schema_consistency.py::TestNoDuplicateYamlKeys::test_no_duplicate_yaml_keys[Liberia] PASSED [ 83%]
tests/test_schema_consistency.py::TestNoDuplicateYamlKeys::test_no_duplicate_yaml_keys[Malawi] PASSED [ 83%]
tests/test_schema_consistency.py::TestNoDuplicateYamlKeys::test_no_duplicate_yaml_keys[Mali] PASSED [ 84%]
tests/test_schema_consistency.py::TestNoDuplicateYamlKeys::test_no_duplicate_yaml_keys[Nepal] PASSED [ 84%]
tests/test_schema_consistency.py::TestNoDuplicateYamlKeys::test_no_duplicate_yaml_keys[Niger] PASSED [ 85%]
tests/test_schema_consistency.py::TestNoDuplicateYamlKeys::test_no_duplicate_yaml_keys[Nigeria] PASSED [ 85%]
tests/test_schema_consistency.py::TestNoDuplicateYamlKeys::test_no_duplicate_yaml_keys[Pakistan] PASSED [ 86%]
tests/test_schema_consistency.py::TestNoDuplicateYamlKeys::test_no_duplicate_yaml_keys[Senegal] PASSED [ 86%]
tests/test_schema_consistency.py::TestNoDuplicateYamlKeys::test_no_duplicate_yaml_keys[Serbia] PASSED [ 87%]
tests/test_schema_consistency.py::TestNoDuplicateYamlKeys::test_no_duplicate_yaml_keys[Serbia and Montenegro] PASSED [ 87%]
tests/test_schema_consistency.py::TestNoDuplicateYamlKeys::test_no_duplicate_yaml_keys[South Africa] PASSED [ 88%]
tests/test_schema_consistency.py::TestNoDuplicateYamlKeys::test_no_duplicate_yaml_keys[Tajikistan] PASSED [ 88%]
tests/test_schema_consistency.py::TestNoDuplicateYamlKeys::test_no_duplicate_yaml_keys[Tanzania] PASSED [ 89%]
tests/test_schema_consistency.py::TestNoDuplicateYamlKeys::test_no_duplicate_yaml_keys[Timor-Leste] PASSED [ 89%]
tests/test_schema_consistency.py::TestNoDuplicateYamlKeys::test_no_duplicate_yaml_keys[Togo] PASSED [ 90%]
tests/test_schema_consistency.py::TestNoDuplicateYamlKeys::test_no_duplicate_yaml_keys[Uganda] PASSED [ 90%]
tests/test_nan_v_rejoin.py::test_all_nan_v_in_index_triggers_rejoin PASSED [ 91%]
tests/test_nan_v_rejoin.py::test_all_nan_v_in_columns_triggers_rejoin PASSED [ 91%]
tests/test_nan_v_rejoin.py::test_populated_v_skips_rejoin PASSED         [ 92%]
tests/test_nan_v_rejoin.py::test_partial_nan_v_skips_rejoin PASSED       [ 92%]
tests/test_nan_v_rejoin.py::test_no_v_join_methods_unaffected PASSED     [ 93%]
tests/test_timor_leste_interview_date.py::test_2001_int_t_full_six_digit PASSED [ 93%]
tests/test_timor_leste_interview_date.py::test_2001_int_t_five_digit_zero_padded PASSED [ 94%]
tests/test_timor_leste_interview_date.py::test_2001_int_t_nan PASSED     [ 94%]
tests/test_timor_leste_interview_date.py::test_2001_int_t_string_input PASSED [ 95%]
tests/test_timor_leste_interview_date.py::test_2001_int_t_invalid_returns_nat PASSED [ 95%]
tests/test_timor_leste_interview_date.py::test_2001_int_t_two_digit_year_century_handling PASSED [ 96%]
tests/test_timor_leste_interview_date.py::test_2007_int_t_basic PASSED   [ 96%]
tests/test_timor_leste_interview_date.py::test_2007_int_t_nan_day PASSED [ 97%]
tests/test_timor_leste_interview_date.py::test_2007_int_t_invalid_month_returns_nat PASSED [ 97%]
tests/test_timor_leste_interview_date.py::test_2007_int_t_2008_year PASSED [ 98%]
tests/test_timor_leste_interview_date.py::test_2007_int_t_string_components PASSED [ 98%]
tests/test_panel_attrition.py::test_panel_attrition_household_characteristics_is_upper_triangular SKIPPED [ 99%]
tests/test_panel_attrition.py::test_panel_attrition_consistency_between_tables SKIPPED [100%]

================== 189 passed, 2 skipped, 4 xpassed in 1.44s ===================
