============================= test session starts ==============================
platform linux -- Python 3.11.6, pytest-8.4.2, pluggy-1.6.0 -- /global/scratch/fsa/fc_jevons/ligon/mirrors/LSMS_Library/.venv/bin/python
cachedir: .pytest_cache
rootdir: /global/scratch/fsa/fc_jevons/ligon/mirrors/LSMS_Library
configfile: pyproject.toml
plugins: anyio-4.13.0, instafail-0.5.0, timeout-2.4.0, xdist-3.8.0, hydra-core-1.3.2
created: 2/2 workers
2 workers [2 items]

scheduling tests via LoadScheduling

tests/test_uganda_api_vs_replication.py::test_api_matches_replication[shocks] 
tests/test_uganda_api_vs_replication.py::test_api_matches_replication[household_characteristics] 
[gw1] [ 50%] PASSED tests/test_uganda_api_vs_replication.py::test_api_matches_replication[shocks] 
[gw0] [100%] FAILED tests/test_uganda_api_vs_replication.py::test_api_matches_replication[household_characteristics] 

=================================== FAILURES ===================================
___________ test_api_matches_replication[household_characteristics] ____________
[gw0] linux -- Python 3.11.6 /global/scratch/fsa/fc_jevons/ligon/mirrors/LSMS_Library/.venv/bin/python

spec = FeatureSpec(name='household_characteristics', kwargs={'market': 'Region'}, transform=<function _tx_household_characteristics at 0x14826aacdee0>, atol=0.02, extra_keys=(), max_na_asym=1, max_outliers=0)

    @pytest.mark.parametrize(
        "spec",
        FEATURE_SPECS,
        ids=[spec.name for spec in FEATURE_SPECS],
    )
    def test_api_matches_replication(spec: FeatureSpec) -> None:
        """API output must agree with the canonical replication parquet on common rows."""
        repl = _load_replication(spec.name)
    
        try:
            api = _call_api(spec.name, spec.kwargs)
        except Exception as exc:
            pytest.fail(f"API call Country('Uganda').{spec.name}(**{spec.kwargs}) raised: "
                        f"{type(exc).__name__}: {exc}")
    
        if spec.transform is not None:
            api = spec.transform(api)
    
        merged, merge_key = _merge_on_common_index(api, repl, extra_keys=spec.extra_keys)
    
        assert len(merged) > 0, (
            f"{spec.name}: no overlap between API and replication on {merge_key}; "
            f"API shape={api.shape} index={list(api.index.names)}; "
            f"repl shape={repl.shape} index={list(repl.index.names)}"
        )
    
        suffixed_api = [c for c in merged.columns if c.endswith("_api")]
        pairs = []
        for c in suffixed_api:
            base = c[:-4]
            if f"{base}_repl" in merged.columns:
                pairs.append(base)
    
        assert pairs, (
            f"{spec.name}: no shared data columns after merge; "
            f"API cols after transform={list(api.columns)}; "
            f"repl cols={list(repl.columns)}"
        )
    
        for base in pairs:
>           _compare_column(
                base, merged[f"{base}_api"], merged[f"{base}_repl"],
                atol=spec.atol,
                max_na_asym=spec.max_na_asym,
                max_outliers=spec.max_outliers,
            )

tests/test_uganda_api_vs_replication.py:367: 
_ _ _ _ _ _ _ _ _ _ _ _ _ _ _ _ _ _ _ _ _ _ _ _ _ _ _ _ _ _ _ _ _ _ _ _ _ _ _ _ 

col = 'log HSize'
api_series = 0        0.000000
1        0.693147
2        0.000000
3        0.000000
4        0.000000
           ...   
23570    1...71    1.609438
23572    1.609438
23573    1.609438
23574    1.945910
Name: log HSize_api, Length: 23575, dtype: float64
repl_series = 0        0.000000
1        0.693147
2        0.000000
3        0.000000
4        0.000000
           ...   
23570    1...1    1.609438
23572    1.609438
23573    1.609438
23574    1.945910
Name: log HSize_repl, Length: 23575, dtype: float64
atol = 0.02, max_na_asym = 1, max_outliers = 0

    def _compare_column(
        col: str,
        api_series: pd.Series,
        repl_series: pd.Series,
        atol: float,
        max_na_asym: int = 0,
        max_outliers: int = 0,
    ) -> None:
        """Raise AssertionError on disagreement, with an informative message."""
        api_series = _coerce_string_na(api_series)
        repl_series = _coerce_string_na(repl_series)
    
        api_na = api_series.isna()
        repl_na = repl_series.isna()
        both_na = api_na & repl_na
        only_one_na = api_na ^ repl_na
        n_asym = int(only_one_na.sum())
        if n_asym > max_na_asym:
            raise AssertionError(
                f"column {col!r}: {n_asym} rows have NaN in one side but not the "
                f"other (max_na_asym={max_na_asym})"
            )
    
        mask = ~(both_na | only_one_na)
        if not mask.any():
            return
        a = api_series[mask]
        r = repl_series[mask]
        if pd.api.types.is_numeric_dtype(a) and pd.api.types.is_numeric_dtype(r):
            diff = (a.astype(float) - r.astype(float)).abs()
            n_bad = int((diff > atol).sum())
            if n_bad > max_outliers:
>               raise AssertionError(
                    f"column {col!r}: max |Δ| = {diff.max():.6g} > atol {atol:.6g}; "
                    f"mean |Δ| = {diff.mean():.6g}; "
                    f"{n_bad}/{len(diff)} rows out of tolerance "
                    f"(max_outliers={max_outliers})"
                )
E               AssertionError: column 'log HSize': max |Δ| = 3.3673 > atol 0.02; mean |Δ| = 0.0158844; 1315/23574 rows out of tolerance (max_outliers=0)

tests/test_uganda_api_vs_replication.py:308: AssertionError
=========================== short test summary info ============================
FAILED tests/test_uganda_api_vs_replication.py::test_api_matches_replication[household_characteristics]
=================== 1 failed, 1 passed in 1409.19s (0:23:29) ===================
